{"name": "test_01_pizza_menuitem", "status": "broken", "statusDetails": {"message": "selenium.common.exceptions.NoSuchElementException: Message: no such element: Unable to locate element: {\"method\":\"xpath\",\"selector\":\"/html/body/div[7]/div/div/div/div/div/div[2]/div[3]/div[1]/div[2]/div[3]/div\"}\n  (Session info: chrome=109.0.5414.75)", "trace": "self = <test_menuitems.TestNewStarPizzaMenu testMethod=test_01_pizza_menuitem>\n\n    @allure.description(\"To verify add product and checkout to payment screen\")\n    def test_01_pizza_menuitem(self):\n        By_xpath = self.driver.find_element_by_xpath\n        try:\n            f = open(\"data.json\", \"r\")\n            data = json.loads(f.read())\n            time.sleep(2)\n            sign_in(self.driver, data[\"username3\"], data[\"password\"])\n            for m in data[\"pizza\"]:\n                print(m)\n                execute_click_by_product(self.driver, m)\n                select_product(self.driver, m[\"menuitem\"])\n                time.sleep(2)\n                select_pizza(self.driver, '10\"',\n                             \"Regular Crust \", \"NO INSTRUCTIONS\")\n                add_to_bag_and_verify_cart_details(self.driver)\n                Checkout_to_paymentscreen(self.driver)\n                time.sleep(2)\n            f.close()\n        except Exception as e:\n            allure.attach(self.driver.get_screenshot_as_png(\n            ), name='exception_screen', attachment_type=AttachmentType.PNG)\n>           raise e\n\ntest_menuitems.py:69: \n_ _ _ _ _ _ _ _ _ _ _ _ _ _ _ _ _ _ _ _ _ _ _ _ _ _ _ _ _ _ _ _ _ _ _ _ _ _ _ _ _ _ _ _ _ _ _ _ _ _ _ _ _ _ _ _ _ _ _ _ _ _ _ _ _ _ _ _ _ _ _ _ _ _ _ _ _ _ _ _ _ _ _ _ _ _\ntest_menuitems.py:61: in test_01_pizza_menuitem\n    \"Regular Crust \", \"NO INSTRUCTIONS\")\nmethods.py:404: in select_pizza\n    raise e\nmethods.py:394: in select_pizza\n    raise ex\nmethods.py:392: in select_pizza\n    By_xpath(productlocators.pizza_Xlarge_size).click()\n..\\..\\AppData\\Roaming\\Python\\Python37\\site-packages\\selenium\\webdriver\\remote\\webdriver.py:394: in find_element_by_xpath\n    return self.find_element(by=By.XPATH, value=xpath)\n..\\..\\AppData\\Roaming\\Python\\Python37\\site-packages\\selenium\\webdriver\\remote\\webdriver.py:978: in find_element\n    'value': value})['value']\n..\\..\\AppData\\Roaming\\Python\\Python37\\site-packages\\selenium\\webdriver\\remote\\webdriver.py:321: in execute\n    self.error_handler.check_response(response)\n_ _ _ _ _ _ _ _ _ _ _ _ _ _ _ _ _ _ _ _ _ _ _ _ _ _ _ _ _ _ _ _ _ _ _ _ _ _ _ _ _ _ _ _ _ _ _ _ _ _ _ _ _ _ _ _ _ _ _ _ _ _ _ _ _ _ _ _ _ _ _ _ _ _ _ _ _ _ _ _ _ _ _ _ _ _\n\nself = <selenium.webdriver.remote.errorhandler.ErrorHandler object at 0x00000218F8E3C7C8>\nresponse = {'status': 404, 'value': '{\"value\":{\"error\":\"no such element\",\"message\":\"no such element: Unable to locate element: {\\...\\n\\\\tRtlGetAppContainerNamedObjectPath [0x77A77BBE+286]\\\\n\\\\tRtlGetAppContainerNamedObjectPath [0x77A77B8E+238]\\\\n\"}}'}\n\n    def check_response(self, response):\n        \"\"\"\n        Checks that a JSON response from the WebDriver does not have an error.\n    \n        :Args:\n         - response - The JSON response from the WebDriver server as a dictionary\n           object.\n    \n        :Raises: If the response contains an error message.\n        \"\"\"\n        status = response.get('status', None)\n        if status is None or status == ErrorCode.SUCCESS:\n            return\n        value = None\n        message = response.get(\"message\", \"\")\n        screen = response.get(\"screen\", \"\")\n        stacktrace = None\n        if isinstance(status, int):\n            value_json = response.get('value', None)\n            if value_json and isinstance(value_json, basestring):\n                import json\n                try:\n                    value = json.loads(value_json)\n                    if len(value.keys()) == 1:\n                        value = value['value']\n                    status = value.get('error', None)\n                    if status is None:\n                        status = value[\"status\"]\n                        message = value[\"value\"]\n                        if not isinstance(message, basestring):\n                            value = message\n                            message = message.get('message')\n                    else:\n                        message = value.get('message', None)\n                except ValueError:\n                    pass\n    \n        exception_class = ErrorInResponseException\n        if status in ErrorCode.NO_SUCH_ELEMENT:\n            exception_class = NoSuchElementException\n        elif status in ErrorCode.NO_SUCH_FRAME:\n            exception_class = NoSuchFrameException\n        elif status in ErrorCode.NO_SUCH_WINDOW:\n            exception_class = NoSuchWindowException\n        elif status in ErrorCode.STALE_ELEMENT_REFERENCE:\n            exception_class = StaleElementReferenceException\n        elif status in ErrorCode.ELEMENT_NOT_VISIBLE:\n            exception_class = ElementNotVisibleException\n        elif status in ErrorCode.INVALID_ELEMENT_STATE:\n            exception_class = InvalidElementStateException\n        elif status in ErrorCode.INVALID_SELECTOR \\\n                or status in ErrorCode.INVALID_XPATH_SELECTOR \\\n                or status in ErrorCode.INVALID_XPATH_SELECTOR_RETURN_TYPER:\n            exception_class = InvalidSelectorException\n        elif status in ErrorCode.ELEMENT_IS_NOT_SELECTABLE:\n            exception_class = ElementNotSelectableException\n        elif status in ErrorCode.ELEMENT_NOT_INTERACTABLE:\n            exception_class = ElementNotInteractableException\n        elif status in ErrorCode.INVALID_COOKIE_DOMAIN:\n            exception_class = InvalidCookieDomainException\n        elif status in ErrorCode.UNABLE_TO_SET_COOKIE:\n            exception_class = UnableToSetCookieException\n        elif status in ErrorCode.TIMEOUT:\n            exception_class = TimeoutException\n        elif status in ErrorCode.SCRIPT_TIMEOUT:\n            exception_class = TimeoutException\n        elif status in ErrorCode.UNKNOWN_ERROR:\n            exception_class = WebDriverException\n        elif status in ErrorCode.UNEXPECTED_ALERT_OPEN:\n            exception_class = UnexpectedAlertPresentException\n        elif status in ErrorCode.NO_ALERT_OPEN:\n            exception_class = NoAlertPresentException\n        elif status in ErrorCode.IME_NOT_AVAILABLE:\n            exception_class = ImeNotAvailableException\n        elif status in ErrorCode.IME_ENGINE_ACTIVATION_FAILED:\n            exception_class = ImeActivationFailedException\n        elif status in ErrorCode.MOVE_TARGET_OUT_OF_BOUNDS:\n            exception_class = MoveTargetOutOfBoundsException\n        elif status in ErrorCode.JAVASCRIPT_ERROR:\n            exception_class = JavascriptException\n        elif status in ErrorCode.SESSION_NOT_CREATED:\n            exception_class = SessionNotCreatedException\n        elif status in ErrorCode.INVALID_ARGUMENT:\n            exception_class = InvalidArgumentException\n        elif status in ErrorCode.NO_SUCH_COOKIE:\n            exception_class = NoSuchCookieException\n        elif status in ErrorCode.UNABLE_TO_CAPTURE_SCREEN:\n            exception_class = ScreenshotException\n        elif status in ErrorCode.ELEMENT_CLICK_INTERCEPTED:\n            exception_class = ElementClickInterceptedException\n        elif status in ErrorCode.INSECURE_CERTIFICATE:\n            exception_class = InsecureCertificateException\n        elif status in ErrorCode.INVALID_COORDINATES:\n            exception_class = InvalidCoordinatesException\n        elif status in ErrorCode.INVALID_SESSION_ID:\n            exception_class = InvalidSessionIdException\n        elif status in ErrorCode.UNKNOWN_METHOD:\n            exception_class = UnknownMethodException\n        else:\n            exception_class = WebDriverException\n        if value == '' or value is None:\n            value = response['value']\n        if isinstance(value, basestring):\n            if exception_class == ErrorInResponseException:\n                raise exception_class(response, value)\n            raise exception_class(value)\n        if message == \"\" and 'message' in value:\n            message = value['message']\n    \n        screen = None\n        if 'screen' in value:\n            screen = value['screen']\n    \n        stacktrace = None\n        if 'stackTrace' in value and value['stackTrace']:\n            stacktrace = []\n            try:\n                for frame in value['stackTrace']:\n                    line = self._value_or_default(frame, 'lineNumber', '')\n                    file = self._value_or_default(frame, 'fileName', '<anonymous>')\n                    if line:\n                        file = \"%s:%s\" % (file, line)\n                    meth = self._value_or_default(frame, 'methodName', '<anonymous>')\n                    if 'className' in frame:\n                        meth = \"%s.%s\" % (frame['className'], meth)\n                    msg = \"    at %s (%s)\"\n                    msg = msg % (meth, file)\n                    stacktrace.append(msg)\n            except TypeError:\n                pass\n        if exception_class == ErrorInResponseException:\n            raise exception_class(response, message)\n        elif exception_class == UnexpectedAlertPresentException:\n            alert_text = None\n            if 'data' in value:\n                alert_text = value['data'].get('text')\n            elif 'alert' in value:\n                alert_text = value['alert'].get('text')\n            raise exception_class(message, screen, stacktrace, alert_text)\n>       raise exception_class(message, screen, stacktrace)\nE       selenium.common.exceptions.NoSuchElementException: Message: no such element: Unable to locate element: {\"method\":\"xpath\",\"selector\":\"/html/body/div[7]/div/div/div/div/div/div[2]/div[3]/div[1]/div[2]/div[3]/div\"}\nE         (Session info: chrome=109.0.5414.75)\n\n..\\..\\AppData\\Roaming\\Python\\Python37\\site-packages\\selenium\\webdriver\\remote\\errorhandler.py:242: NoSuchElementException"}, "description": "To verify add product and checkout to payment screen", "steps": [{"name": "To fetch the website with url: 'https://newstar.pizza/home'", "status": "passed", "attachments": [{"name": "website_screen", "source": "6b1defff-2573-41e2-9ca0-9798e61b4b37-attachment.png", "type": "image/png"}], "parameters": [{"name": "driver", "value": "<selenium.webdriver.chrome.webdriver.WebDriver (session=\"08db3e27decb385763d6c5dfc73a4948\")>"}, {"name": "site_url", "value": "'https://newstar.pizza/home'"}], "start": 1674216807796, "stop": 1674216816301}, {"name": "To verify that user is able to sign in with any email id.", "status": "passed", "attachments": [{"name": "Signin_screen", "source": "14f0bbb0-9fc0-4054-b97b-e1698e8641da-attachment.png", "type": "image/png"}], "parameters": [{"name": "driver", "value": "<selenium.webdriver.chrome.webdriver.WebDriver (session=\"08db3e27decb385763d6c5dfc73a4948\")>"}, {"name": "email", "value": "'ritutanwar1510@gmail.com'"}, {"name": "password", "value": "'Ritu@1510'"}], "start": 1674216818314, "stop": 1674216833799}, {"name": "To perform click operation on the element specified in list:'Pizza'", "status": "passed", "parameters": [{"name": "driver", "value": "<selenium.webdriver.chrome.webdriver.WebDriver (session=\"08db3e27decb385763d6c5dfc73a4948\")>"}, {"name": "productname", "value": "'Pizza'"}], "start": 1674216833799, "stop": 1674216833906}, {"name": "To be able to select desired product", "status": "passed", "attachments": [{"name": "toppings_screen", "source": "6588a044-71bb-43f3-b8ed-2ca88d57cc19-attachment.png", "type": "image/png"}], "parameters": [{"name": "driver", "value": "<selenium.webdriver.chrome.webdriver.WebDriver (session=\"08db3e27decb385763d6c5dfc73a4948\")>"}, {"name": "productname", "value": "'Plain Cheese Pizza'"}], "start": 1674216835914, "stop": 1674216836392}, {"name": "To be able to select pizza sides and quantity", "status": "broken", "statusDetails": {"message": "selenium.common.exceptions.NoSuchElementException: Message: no such element: Unable to locate element: {\"method\":\"xpath\",\"selector\":\"/html/body/div[7]/div/div/div/div/div/div[2]/div[3]/div[1]/div[2]/div[3]/div\"}\n  (Session info: chrome=109.0.5414.75)\n\n", "trace": "  File \"c:\\python37\\lib\\site-packages\\allure_commons\\_allure.py\", line 172, in impl\n    return func(*a, **kw)\n  File \"C:\\Users\\Digital Suppliers\\Desktop\\New_star_pizza\\methods.py\", line 404, in select_pizza\n    raise e\n  File \"C:\\Users\\Digital Suppliers\\Desktop\\New_star_pizza\\methods.py\", line 394, in select_pizza\n    raise ex\n  File \"C:\\Users\\Digital Suppliers\\Desktop\\New_star_pizza\\methods.py\", line 392, in select_pizza\n    By_xpath(productlocators.pizza_Xlarge_size).click()\n  File \"C:\\Users\\Digital Suppliers\\AppData\\Roaming\\Python\\Python37\\site-packages\\selenium\\webdriver\\remote\\webdriver.py\", line 394, in find_element_by_xpath\n    return self.find_element(by=By.XPATH, value=xpath)\n  File \"C:\\Users\\Digital Suppliers\\AppData\\Roaming\\Python\\Python37\\site-packages\\selenium\\webdriver\\remote\\webdriver.py\", line 978, in find_element\n    'value': value})['value']\n  File \"C:\\Users\\Digital Suppliers\\AppData\\Roaming\\Python\\Python37\\site-packages\\selenium\\webdriver\\remote\\webdriver.py\", line 321, in execute\n    self.error_handler.check_response(response)\n  File \"C:\\Users\\Digital Suppliers\\AppData\\Roaming\\Python\\Python37\\site-packages\\selenium\\webdriver\\remote\\errorhandler.py\", line 242, in check_response\n    raise exception_class(message, screen, stacktrace)\n"}, "attachments": [{"name": "Exception_screen", "source": "9d4f31ee-15f5-4f25-8b3a-7af1c7fcb01a-attachment.png", "type": "image/png"}], "parameters": [{"name": "driver", "value": "<selenium.webdriver.chrome.webdriver.WebDriver (session=\"08db3e27decb385763d6c5dfc73a4948\")>"}, {"name": "size", "value": "'10\"'"}, {"name": "crust", "value": "'Regular Crust '"}, {"name": "instructions", "value": "'NO INSTRUCTIONS'"}], "start": 1674216838398, "stop": 1674216843899}], "attachments": [{"name": "exception_screen", "source": "620ecfb3-a5ee-48e5-8df8-f065b5a912af-attachment.png", "type": "image/png"}], "start": 1674216805925, "stop": 1674216846674, "uuid": "8c08563b-5557-4d38-a357-7a3c7984d790", "historyId": "f82056a187ce84fccd3336a5e603430e", "testCaseId": "a828b62afbbfe39ae7ab51b2369ed05b", "fullName": "test_menuitems.TestNewStarPizzaMenu#test_01_pizza_menuitem", "labels": [{"name": "suite", "value": "test_menuitems"}, {"name": "subSuite", "value": "TestNewStarPizzaMenu"}, {"name": "host", "value": "DESKTOP-JHQBC5Q"}, {"name": "thread", "value": "648-MainThread"}, {"name": "framework", "value": "pytest"}, {"name": "language", "value": "cpython3"}, {"name": "package", "value": "test_menuitems"}]}