{"name": "test_01_add_delivery_address", "status": "broken", "statusDetails": {"message": "selenium.common.exceptions.NoSuchElementException: Message: no such element: Unable to locate element: {\"method\":\"xpath\",\"selector\":\"/html/body/main/div/div[3]/div/div/div[2]/button[1]\"}\n  (Session info: chrome=108.0.5359.126)", "trace": "driver = <selenium.webdriver.chrome.webdriver.WebDriver (session=\"eb27be68ba4aa77e10ce9d6b93bbb868\")>, hno = '5675 North Front Street, Philadelphia, PA, USA'\n\n    @allure.step(\"To add delivery address\")\n    def add_delivery_address(driver, hno):\n        By_xpath = driver.find_element_by_xpath\n        By_id = driver.find_element_by_id\n        By_name = driver.find_element_by_name\n        try:\n            time.sleep(2)\n            By_xpath(loginlocators.signedin_label).click()\n            time.sleep(3)\n            By_xpath(loginlocators.del_add_link).click()\n            time.sleep(4)\n            By_xpath(loginlocators.add_new_address_btn).click()\n            time.sleep(2)\n            By_name(loginlocators.new_add_field).send_keys(hno)\n            time.sleep(3)\n            By_name(loginlocators.new_add_field).send_keys(Keys.DOWN)\n            time.sleep(1)\n            By_name(loginlocators.new_add_field).send_keys(Keys.ENTER)\n            time.sleep(3)\n    \n            success_msg = By_xpath(loginlocators.address_add_message).text\n            try:\n>               assert success_msg == \"Good news! New Star Pizza can deliver to this address\"\nE               AssertionError\n\nmethods.py:295: AssertionError\n\nDuring handling of the above exception, another exception occurred:\n\nself = <test_profile_elements.TestNewStarPizzaProfile testMethod=test_01_add_delivery_address>\n\n    @allure.description(\"To add delivery address.\")\n    def test_01_add_delivery_address(self):\n        By_xpath = self.driver.find_element_by_xpath\n        try:\n            f = open(\"data.json\", \"r\")\n            data = json.loads(f.read())\n            time.sleep(5)\n            sign_in(self.driver, data[\"username3\"], data[\"password\"])\n            new_address = random.choice(data[\"addresslist\"])\n            hno = ''.join([\"{}\".format(randint(0, 9)) for num in range(0, 2)])\n            add_delivery_address(self.driver, new_address)\n            print(\"Test 01  ran successfully\")\n            f.close()\n        except Exception as e:\n            allure.attach(self.driver.get_screenshot_as_png(\n            ), name='exception_screen', attachment_type=AttachmentType.PNG)\n>           raise e\n\ntest_profile_elements.py:60: \n_ _ _ _ _ _ _ _ _ _ _ _ _ _ _ _ _ _ _ _ _ _ _ _ _ _ _ _ _ _ _ _ _ _ _ _ _ _ _ _ _ _ _ _ _ _ _ _ _ _ _ _ _ _ _ _ _ _ _ _ _ _ _ _ _ _ _ _ _ _ _ _ _ _ _ _ _ _ _ _ \ntest_profile_elements.py:54: in test_01_add_delivery_address\n    add_delivery_address(self.driver, new_address)\nmethods.py:319: in add_delivery_address\n    raise e\nmethods.py:309: in add_delivery_address\n    By_xpath(loginlocators.close_btn).click()\n..\\..\\AppData\\Roaming\\Python\\Python37\\site-packages\\selenium\\webdriver\\remote\\webdriver.py:394: in find_element_by_xpath\n    return self.find_element(by=By.XPATH, value=xpath)\n..\\..\\AppData\\Roaming\\Python\\Python37\\site-packages\\selenium\\webdriver\\remote\\webdriver.py:978: in find_element\n    'value': value})['value']\n..\\..\\AppData\\Roaming\\Python\\Python37\\site-packages\\selenium\\webdriver\\remote\\webdriver.py:321: in execute\n    self.error_handler.check_response(response)\n_ _ _ _ _ _ _ _ _ _ _ _ _ _ _ _ _ _ _ _ _ _ _ _ _ _ _ _ _ _ _ _ _ _ _ _ _ _ _ _ _ _ _ _ _ _ _ _ _ _ _ _ _ _ _ _ _ _ _ _ _ _ _ _ _ _ _ _ _ _ _ _ _ _ _ _ _ _ _ _ \n\nself = <selenium.webdriver.remote.errorhandler.ErrorHandler object at 0x0000022D73A9A0C8>\nresponse = {'status': 404, 'value': '{\"value\":{\"error\":\"no such element\",\"message\":\"no such element: Unable to locate element: {\\...\\n\\\\tRtlGetAppContainerNamedObjectPath [0x77A77BBE+286]\\\\n\\\\tRtlGetAppContainerNamedObjectPath [0x77A77B8E+238]\\\\n\"}}'}\n\n    def check_response(self, response):\n        \"\"\"\n        Checks that a JSON response from the WebDriver does not have an error.\n    \n        :Args:\n         - response - The JSON response from the WebDriver server as a dictionary\n           object.\n    \n        :Raises: If the response contains an error message.\n        \"\"\"\n        status = response.get('status', None)\n        if status is None or status == ErrorCode.SUCCESS:\n            return\n        value = None\n        message = response.get(\"message\", \"\")\n        screen = response.get(\"screen\", \"\")\n        stacktrace = None\n        if isinstance(status, int):\n            value_json = response.get('value', None)\n            if value_json and isinstance(value_json, basestring):\n                import json\n                try:\n                    value = json.loads(value_json)\n                    if len(value.keys()) == 1:\n                        value = value['value']\n                    status = value.get('error', None)\n                    if status is None:\n                        status = value[\"status\"]\n                        message = value[\"value\"]\n                        if not isinstance(message, basestring):\n                            value = message\n                            message = message.get('message')\n                    else:\n                        message = value.get('message', None)\n                except ValueError:\n                    pass\n    \n        exception_class = ErrorInResponseException\n        if status in ErrorCode.NO_SUCH_ELEMENT:\n            exception_class = NoSuchElementException\n        elif status in ErrorCode.NO_SUCH_FRAME:\n            exception_class = NoSuchFrameException\n        elif status in ErrorCode.NO_SUCH_WINDOW:\n            exception_class = NoSuchWindowException\n        elif status in ErrorCode.STALE_ELEMENT_REFERENCE:\n            exception_class = StaleElementReferenceException\n        elif status in ErrorCode.ELEMENT_NOT_VISIBLE:\n            exception_class = ElementNotVisibleException\n        elif status in ErrorCode.INVALID_ELEMENT_STATE:\n            exception_class = InvalidElementStateException\n        elif status in ErrorCode.INVALID_SELECTOR \\\n                or status in ErrorCode.INVALID_XPATH_SELECTOR \\\n                or status in ErrorCode.INVALID_XPATH_SELECTOR_RETURN_TYPER:\n            exception_class = InvalidSelectorException\n        elif status in ErrorCode.ELEMENT_IS_NOT_SELECTABLE:\n            exception_class = ElementNotSelectableException\n        elif status in ErrorCode.ELEMENT_NOT_INTERACTABLE:\n            exception_class = ElementNotInteractableException\n        elif status in ErrorCode.INVALID_COOKIE_DOMAIN:\n            exception_class = InvalidCookieDomainException\n        elif status in ErrorCode.UNABLE_TO_SET_COOKIE:\n            exception_class = UnableToSetCookieException\n        elif status in ErrorCode.TIMEOUT:\n            exception_class = TimeoutException\n        elif status in ErrorCode.SCRIPT_TIMEOUT:\n            exception_class = TimeoutException\n        elif status in ErrorCode.UNKNOWN_ERROR:\n            exception_class = WebDriverException\n        elif status in ErrorCode.UNEXPECTED_ALERT_OPEN:\n            exception_class = UnexpectedAlertPresentException\n        elif status in ErrorCode.NO_ALERT_OPEN:\n            exception_class = NoAlertPresentException\n        elif status in ErrorCode.IME_NOT_AVAILABLE:\n            exception_class = ImeNotAvailableException\n        elif status in ErrorCode.IME_ENGINE_ACTIVATION_FAILED:\n            exception_class = ImeActivationFailedException\n        elif status in ErrorCode.MOVE_TARGET_OUT_OF_BOUNDS:\n            exception_class = MoveTargetOutOfBoundsException\n        elif status in ErrorCode.JAVASCRIPT_ERROR:\n            exception_class = JavascriptException\n        elif status in ErrorCode.SESSION_NOT_CREATED:\n            exception_class = SessionNotCreatedException\n        elif status in ErrorCode.INVALID_ARGUMENT:\n            exception_class = InvalidArgumentException\n        elif status in ErrorCode.NO_SUCH_COOKIE:\n            exception_class = NoSuchCookieException\n        elif status in ErrorCode.UNABLE_TO_CAPTURE_SCREEN:\n            exception_class = ScreenshotException\n        elif status in ErrorCode.ELEMENT_CLICK_INTERCEPTED:\n            exception_class = ElementClickInterceptedException\n        elif status in ErrorCode.INSECURE_CERTIFICATE:\n            exception_class = InsecureCertificateException\n        elif status in ErrorCode.INVALID_COORDINATES:\n            exception_class = InvalidCoordinatesException\n        elif status in ErrorCode.INVALID_SESSION_ID:\n            exception_class = InvalidSessionIdException\n        elif status in ErrorCode.UNKNOWN_METHOD:\n            exception_class = UnknownMethodException\n        else:\n            exception_class = WebDriverException\n        if value == '' or value is None:\n            value = response['value']\n        if isinstance(value, basestring):\n            if exception_class == ErrorInResponseException:\n                raise exception_class(response, value)\n            raise exception_class(value)\n        if message == \"\" and 'message' in value:\n            message = value['message']\n    \n        screen = None\n        if 'screen' in value:\n            screen = value['screen']\n    \n        stacktrace = None\n        if 'stackTrace' in value and value['stackTrace']:\n            stacktrace = []\n            try:\n                for frame in value['stackTrace']:\n                    line = self._value_or_default(frame, 'lineNumber', '')\n                    file = self._value_or_default(frame, 'fileName', '<anonymous>')\n                    if line:\n                        file = \"%s:%s\" % (file, line)\n                    meth = self._value_or_default(frame, 'methodName', '<anonymous>')\n                    if 'className' in frame:\n                        meth = \"%s.%s\" % (frame['className'], meth)\n                    msg = \"    at %s (%s)\"\n                    msg = msg % (meth, file)\n                    stacktrace.append(msg)\n            except TypeError:\n                pass\n        if exception_class == ErrorInResponseException:\n            raise exception_class(response, message)\n        elif exception_class == UnexpectedAlertPresentException:\n            alert_text = None\n            if 'data' in value:\n                alert_text = value['data'].get('text')\n            elif 'alert' in value:\n                alert_text = value['alert'].get('text')\n            raise exception_class(message, screen, stacktrace, alert_text)\n>       raise exception_class(message, screen, stacktrace)\nE       selenium.common.exceptions.NoSuchElementException: Message: no such element: Unable to locate element: {\"method\":\"xpath\",\"selector\":\"/html/body/main/div/div[3]/div/div/div[2]/button[1]\"}\nE         (Session info: chrome=108.0.5359.126)\n\n..\\..\\AppData\\Roaming\\Python\\Python37\\site-packages\\selenium\\webdriver\\remote\\errorhandler.py:242: NoSuchElementException"}, "description": "To add delivery address.", "steps": [{"name": "To fetch the website with url: 'https://newstar.pizza/home'", "status": "passed", "attachments": [{"name": "website_screen", "source": "7ceaa9c5-a5fe-499c-ac1f-cdae8f6649ce-attachment.png", "type": "image/png"}], "parameters": [{"name": "driver", "value": "<selenium.webdriver.chrome.webdriver.WebDriver (session=\"eb27be68ba4aa77e10ce9d6b93bbb868\")>"}, {"name": "site_url", "value": "'https://newstar.pizza/home'"}], "start": 1674126885162, "stop": 1674126894488}, {"name": "To verify that user is able to sign in with any email id.", "status": "passed", "attachments": [{"name": "Signin_screen", "source": "9fc202b1-03b0-4906-85f6-7f451879838d-attachment.png", "type": "image/png"}], "parameters": [{"name": "driver", "value": "<selenium.webdriver.chrome.webdriver.WebDriver (session=\"eb27be68ba4aa77e10ce9d6b93bbb868\")>"}, {"name": "email", "value": "'ritutanwar1510@gmail.com'"}, {"name": "password", "value": "'Ritu@1510'"}], "start": 1674126899500, "stop": 1674126915014}, {"name": "To add delivery address", "status": "broken", "statusDetails": {"message": "selenium.common.exceptions.NoSuchElementException: Message: no such element: Unable to locate element: {\"method\":\"xpath\",\"selector\":\"/html/body/main/div/div[3]/div/div/div[2]/button[1]\"}\n  (Session info: chrome=108.0.5359.126)\n\n", "trace": "  File \"c:\\python37\\lib\\site-packages\\allure_commons\\_allure.py\", line 172, in impl\n    return func(*a, **kw)\n  File \"C:\\Users\\Digital Suppliers\\Desktop\\New_star_pizza\\methods.py\", line 319, in add_delivery_address\n    raise e\n  File \"C:\\Users\\Digital Suppliers\\Desktop\\New_star_pizza\\methods.py\", line 309, in add_delivery_address\n    By_xpath(loginlocators.close_btn).click()\n  File \"C:\\Users\\Digital Suppliers\\AppData\\Roaming\\Python\\Python37\\site-packages\\selenium\\webdriver\\remote\\webdriver.py\", line 394, in find_element_by_xpath\n    return self.find_element(by=By.XPATH, value=xpath)\n  File \"C:\\Users\\Digital Suppliers\\AppData\\Roaming\\Python\\Python37\\site-packages\\selenium\\webdriver\\remote\\webdriver.py\", line 978, in find_element\n    'value': value})['value']\n  File \"C:\\Users\\Digital Suppliers\\AppData\\Roaming\\Python\\Python37\\site-packages\\selenium\\webdriver\\remote\\webdriver.py\", line 321, in execute\n    self.error_handler.check_response(response)\n  File \"C:\\Users\\Digital Suppliers\\AppData\\Roaming\\Python\\Python37\\site-packages\\selenium\\webdriver\\remote\\errorhandler.py\", line 242, in check_response\n    raise exception_class(message, screen, stacktrace)\n"}, "parameters": [{"name": "driver", "value": "<selenium.webdriver.chrome.webdriver.WebDriver (session=\"eb27be68ba4aa77e10ce9d6b93bbb868\")>"}, {"name": "hno", "value": "'5675 North Front Street, Philadelphia, PA, USA'"}], "start": 1674126915014, "stop": 1674126940004}], "attachments": [{"name": "exception_screen", "source": "328032e7-c173-4265-87c9-4ca77ed472f6-attachment.png", "type": "image/png"}], "start": 1674126882893, "stop": 1674126942559, "uuid": "67c59350-fbda-48fc-9088-79ba18491ed0", "historyId": "73773bd1b981e157557cbb23ace83f38", "testCaseId": "caa7f52301210f30ee5d5113cbf43fde", "fullName": "test_profile_elements.TestNewStarPizzaProfile#test_01_add_delivery_address", "labels": [{"name": "suite", "value": "test_profile_elements"}, {"name": "subSuite", "value": "TestNewStarPizzaProfile"}, {"name": "host", "value": "DESKTOP-JHQBC5Q"}, {"name": "thread", "value": "12184-MainThread"}, {"name": "framework", "value": "pytest"}, {"name": "language", "value": "cpython3"}, {"name": "package", "value": "test_profile_elements"}]}