{"name": "test_03_add_new_delivery_address_at_checkout", "status": "broken", "statusDetails": {"message": "selenium.common.exceptions.NoSuchElementException: Message: no such element: Unable to locate element: {\"method\":\"css selector\",\"selector\":\"[id=\"searchInput1\"]\"}\n  (Session info: chrome=108.0.5359.126)", "trace": "self = <test_profile_elements.TestNewStarPizzaProfile testMethod=test_03_add_new_delivery_address_at_checkout>\n\n    @allure.description(\"To verify and add delivery address at checkout stage.\")\n    def test_03_add_new_delivery_address_at_checkout(self):\n        By_xpath = self.driver.find_element_by_xpath\n        try:\n            f = open(\"data.json\", \"r\")\n            data = json.loads(f.read())\n            time.sleep(2)\n            new_address = random.choice(data[\"addresslist\"])\n            hno = ''.join([\"{}\".format(randint(0, 9)) for num in range(0, 2)])\n            sign_in(self.driver, data[\"username3\"], data[\"password\"])\n            for m in data[\"side_order\"]:\n                print(m)\n                execute_click_by_product(self.driver, m)\n                select_product(self.driver, m[\"menuitem\"])\n                time.sleep(2)\n                select_combo_item(self.driver, \"Regular Crust\")\n                add_to_bag_and_verify_cart_details(self.driver)\n            Checkout_to_paymentscreen(self.driver)\n            add_new_del_add(self.driver, new_address)\n            # place_ur_order_from_payment(self.driver, \"Delivery\")\n            time.sleep(2)\n            print(\"Test case 03 ran successfully\")\n            # time.sleep(5)\n            f.close()\n        except Exception as e:\n            allure.attach(self.driver.get_screenshot_as_png(\n            ), name='exception_screen', attachment_type=AttachmentType.PNG)\n>           raise e\n\ntest_profile_elements.py:104: \n_ _ _ _ _ _ _ _ _ _ _ _ _ _ _ _ _ _ _ _ _ _ _ _ _ _ _ _ _ _ _ _ _ _ _ _ _ _ _ _ _ _ _ _ _ _ _ _ _ _ _ _ _ _ _ _ _ _ _ _ _ _ _ _ _ _ _ _ _ _ _ _ _ _ _ _ _ _ _ _ \ntest_profile_elements.py:95: in test_03_add_new_delivery_address_at_checkout\n    add_new_del_add(self.driver, new_address)\nmethods.py:693: in add_new_del_add\n    raise e\nmethods.py:679: in add_new_del_add\n    By_id(checkoutlocators.new_address_bar).send_keys(address)\n..\\..\\AppData\\Roaming\\Python\\Python37\\site-packages\\selenium\\webdriver\\remote\\webdriver.py:360: in find_element_by_id\n    return self.find_element(by=By.ID, value=id_)\n..\\..\\AppData\\Roaming\\Python\\Python37\\site-packages\\selenium\\webdriver\\remote\\webdriver.py:978: in find_element\n    'value': value})['value']\n..\\..\\AppData\\Roaming\\Python\\Python37\\site-packages\\selenium\\webdriver\\remote\\webdriver.py:321: in execute\n    self.error_handler.check_response(response)\n_ _ _ _ _ _ _ _ _ _ _ _ _ _ _ _ _ _ _ _ _ _ _ _ _ _ _ _ _ _ _ _ _ _ _ _ _ _ _ _ _ _ _ _ _ _ _ _ _ _ _ _ _ _ _ _ _ _ _ _ _ _ _ _ _ _ _ _ _ _ _ _ _ _ _ _ _ _ _ _ \n\nself = <selenium.webdriver.remote.errorhandler.ErrorHandler object at 0x000001A870EB5C08>\nresponse = {'status': 404, 'value': '{\"value\":{\"error\":\"no such element\",\"message\":\"no such element: Unable to locate element: {\\...\\n\\\\tRtlGetAppContainerNamedObjectPath [0x77A77BBE+286]\\\\n\\\\tRtlGetAppContainerNamedObjectPath [0x77A77B8E+238]\\\\n\"}}'}\n\n    def check_response(self, response):\n        \"\"\"\n        Checks that a JSON response from the WebDriver does not have an error.\n    \n        :Args:\n         - response - The JSON response from the WebDriver server as a dictionary\n           object.\n    \n        :Raises: If the response contains an error message.\n        \"\"\"\n        status = response.get('status', None)\n        if status is None or status == ErrorCode.SUCCESS:\n            return\n        value = None\n        message = response.get(\"message\", \"\")\n        screen = response.get(\"screen\", \"\")\n        stacktrace = None\n        if isinstance(status, int):\n            value_json = response.get('value', None)\n            if value_json and isinstance(value_json, basestring):\n                import json\n                try:\n                    value = json.loads(value_json)\n                    if len(value.keys()) == 1:\n                        value = value['value']\n                    status = value.get('error', None)\n                    if status is None:\n                        status = value[\"status\"]\n                        message = value[\"value\"]\n                        if not isinstance(message, basestring):\n                            value = message\n                            message = message.get('message')\n                    else:\n                        message = value.get('message', None)\n                except ValueError:\n                    pass\n    \n        exception_class = ErrorInResponseException\n        if status in ErrorCode.NO_SUCH_ELEMENT:\n            exception_class = NoSuchElementException\n        elif status in ErrorCode.NO_SUCH_FRAME:\n            exception_class = NoSuchFrameException\n        elif status in ErrorCode.NO_SUCH_WINDOW:\n            exception_class = NoSuchWindowException\n        elif status in ErrorCode.STALE_ELEMENT_REFERENCE:\n            exception_class = StaleElementReferenceException\n        elif status in ErrorCode.ELEMENT_NOT_VISIBLE:\n            exception_class = ElementNotVisibleException\n        elif status in ErrorCode.INVALID_ELEMENT_STATE:\n            exception_class = InvalidElementStateException\n        elif status in ErrorCode.INVALID_SELECTOR \\\n                or status in ErrorCode.INVALID_XPATH_SELECTOR \\\n                or status in ErrorCode.INVALID_XPATH_SELECTOR_RETURN_TYPER:\n            exception_class = InvalidSelectorException\n        elif status in ErrorCode.ELEMENT_IS_NOT_SELECTABLE:\n            exception_class = ElementNotSelectableException\n        elif status in ErrorCode.ELEMENT_NOT_INTERACTABLE:\n            exception_class = ElementNotInteractableException\n        elif status in ErrorCode.INVALID_COOKIE_DOMAIN:\n            exception_class = InvalidCookieDomainException\n        elif status in ErrorCode.UNABLE_TO_SET_COOKIE:\n            exception_class = UnableToSetCookieException\n        elif status in ErrorCode.TIMEOUT:\n            exception_class = TimeoutException\n        elif status in ErrorCode.SCRIPT_TIMEOUT:\n            exception_class = TimeoutException\n        elif status in ErrorCode.UNKNOWN_ERROR:\n            exception_class = WebDriverException\n        elif status in ErrorCode.UNEXPECTED_ALERT_OPEN:\n            exception_class = UnexpectedAlertPresentException\n        elif status in ErrorCode.NO_ALERT_OPEN:\n            exception_class = NoAlertPresentException\n        elif status in ErrorCode.IME_NOT_AVAILABLE:\n            exception_class = ImeNotAvailableException\n        elif status in ErrorCode.IME_ENGINE_ACTIVATION_FAILED:\n            exception_class = ImeActivationFailedException\n        elif status in ErrorCode.MOVE_TARGET_OUT_OF_BOUNDS:\n            exception_class = MoveTargetOutOfBoundsException\n        elif status in ErrorCode.JAVASCRIPT_ERROR:\n            exception_class = JavascriptException\n        elif status in ErrorCode.SESSION_NOT_CREATED:\n            exception_class = SessionNotCreatedException\n        elif status in ErrorCode.INVALID_ARGUMENT:\n            exception_class = InvalidArgumentException\n        elif status in ErrorCode.NO_SUCH_COOKIE:\n            exception_class = NoSuchCookieException\n        elif status in ErrorCode.UNABLE_TO_CAPTURE_SCREEN:\n            exception_class = ScreenshotException\n        elif status in ErrorCode.ELEMENT_CLICK_INTERCEPTED:\n            exception_class = ElementClickInterceptedException\n        elif status in ErrorCode.INSECURE_CERTIFICATE:\n            exception_class = InsecureCertificateException\n        elif status in ErrorCode.INVALID_COORDINATES:\n            exception_class = InvalidCoordinatesException\n        elif status in ErrorCode.INVALID_SESSION_ID:\n            exception_class = InvalidSessionIdException\n        elif status in ErrorCode.UNKNOWN_METHOD:\n            exception_class = UnknownMethodException\n        else:\n            exception_class = WebDriverException\n        if value == '' or value is None:\n            value = response['value']\n        if isinstance(value, basestring):\n            if exception_class == ErrorInResponseException:\n                raise exception_class(response, value)\n            raise exception_class(value)\n        if message == \"\" and 'message' in value:\n            message = value['message']\n    \n        screen = None\n        if 'screen' in value:\n            screen = value['screen']\n    \n        stacktrace = None\n        if 'stackTrace' in value and value['stackTrace']:\n            stacktrace = []\n            try:\n                for frame in value['stackTrace']:\n                    line = self._value_or_default(frame, 'lineNumber', '')\n                    file = self._value_or_default(frame, 'fileName', '<anonymous>')\n                    if line:\n                        file = \"%s:%s\" % (file, line)\n                    meth = self._value_or_default(frame, 'methodName', '<anonymous>')\n                    if 'className' in frame:\n                        meth = \"%s.%s\" % (frame['className'], meth)\n                    msg = \"    at %s (%s)\"\n                    msg = msg % (meth, file)\n                    stacktrace.append(msg)\n            except TypeError:\n                pass\n        if exception_class == ErrorInResponseException:\n            raise exception_class(response, message)\n        elif exception_class == UnexpectedAlertPresentException:\n            alert_text = None\n            if 'data' in value:\n                alert_text = value['data'].get('text')\n            elif 'alert' in value:\n                alert_text = value['alert'].get('text')\n            raise exception_class(message, screen, stacktrace, alert_text)\n>       raise exception_class(message, screen, stacktrace)\nE       selenium.common.exceptions.NoSuchElementException: Message: no such element: Unable to locate element: {\"method\":\"css selector\",\"selector\":\"[id=\"searchInput1\"]\"}\nE         (Session info: chrome=108.0.5359.126)\n\n..\\..\\AppData\\Roaming\\Python\\Python37\\site-packages\\selenium\\webdriver\\remote\\errorhandler.py:242: NoSuchElementException"}, "description": "To verify and add delivery address at checkout stage.", "steps": [{"name": "To fetch the website with url: 'https://newstar.pizza/home'", "status": "passed", "attachments": [{"name": "website_screen", "source": "474157bf-2729-41be-8876-81cbefbf2029-attachment.png", "type": "image/png"}], "parameters": [{"name": "driver", "value": "<selenium.webdriver.chrome.webdriver.WebDriver (session=\"034113b37d859477f3cbc881742e4e00\")>"}, {"name": "site_url", "value": "'https://newstar.pizza/home'"}], "start": 1674127272489, "stop": 1674127280823}, {"name": "To verify that user is able to sign in with any email id.", "status": "passed", "attachments": [{"name": "Signin_screen", "source": "26682ede-fc79-4ee2-942d-b34db1191ed0-attachment.png", "type": "image/png"}], "parameters": [{"name": "driver", "value": "<selenium.webdriver.chrome.webdriver.WebDriver (session=\"034113b37d859477f3cbc881742e4e00\")>"}, {"name": "email", "value": "'ritutanwar1510@gmail.com'"}, {"name": "password", "value": "'Ritu@1510'"}], "start": 1674127282835, "stop": 1674127299004}, {"name": "To perform click operation on the element specified in list:'SIDE ORDERS'", "status": "passed", "parameters": [{"name": "driver", "value": "<selenium.webdriver.chrome.webdriver.WebDriver (session=\"034113b37d859477f3cbc881742e4e00\")>"}, {"name": "productname", "value": "'SIDE ORDERS'"}], "start": 1674127299004, "stop": 1674127299107}, {"name": "To be able to select desired product", "status": "passed", "attachments": [{"name": "toppings_screen", "source": "cf76bcef-71c9-4b6a-97f7-9fdeab195db8-attachment.png", "type": "image/png"}], "parameters": [{"name": "driver", "value": "<selenium.webdriver.chrome.webdriver.WebDriver (session=\"034113b37d859477f3cbc881742e4e00\")>"}, {"name": "productname", "value": "'GARLIC BREAD SIDE'"}], "start": 1674127302116, "stop": 1674127302620}, {"name": "To be able to select desired product", "status": "passed", "attachments": [{"name": "toppings_screen", "source": "c9d9fe5e-2b89-44ae-80ba-50d93ea60285-attachment.png", "type": "image/png"}], "parameters": [{"name": "driver", "value": "<selenium.webdriver.chrome.webdriver.WebDriver (session=\"034113b37d859477f3cbc881742e4e00\")>"}, {"name": "size", "value": "'Regular Crust'"}], "start": 1674127304622, "stop": 1674127316115}, {"name": "to add product to bag and verify cart details before checkout", "status": "passed", "attachments": [{"name": "cart_screen", "source": "899e48f8-5474-49aa-befa-7bee17b120d8-attachment.png", "type": "image/png"}], "parameters": [{"name": "driver", "value": "<selenium.webdriver.chrome.webdriver.WebDriver (session=\"034113b37d859477f3cbc881742e4e00\")>"}], "start": 1674127316116, "stop": 1674127322136}, {"name": "Checkout to payment screen", "status": "passed", "attachments": [{"name": "screen", "source": "51055eb4-3066-4885-9a72-465643b52ce0-attachment.png", "type": "image/png"}], "parameters": [{"name": "driver", "value": "<selenium.webdriver.chrome.webdriver.WebDriver (session=\"034113b37d859477f3cbc881742e4e00\")>"}], "start": 1674127322136, "stop": 1674127330023}, {"name": "To add a new Delivery Address at checkout stage.", "status": "broken", "statusDetails": {"message": "selenium.common.exceptions.NoSuchElementException: Message: no such element: Unable to locate element: {\"method\":\"css selector\",\"selector\":\"[id=\"searchInput1\"]\"}\n  (Session info: chrome=108.0.5359.126)\n\n", "trace": "  File \"c:\\python37\\lib\\site-packages\\allure_commons\\_allure.py\", line 172, in impl\n    return func(*a, **kw)\n  File \"C:\\Users\\Digital Suppliers\\Desktop\\New_star_pizza\\methods.py\", line 693, in add_new_del_add\n    raise e\n  File \"C:\\Users\\Digital Suppliers\\Desktop\\New_star_pizza\\methods.py\", line 679, in add_new_del_add\n    By_id(checkoutlocators.new_address_bar).send_keys(address)\n  File \"C:\\Users\\Digital Suppliers\\AppData\\Roaming\\Python\\Python37\\site-packages\\selenium\\webdriver\\remote\\webdriver.py\", line 360, in find_element_by_id\n    return self.find_element(by=By.ID, value=id_)\n  File \"C:\\Users\\Digital Suppliers\\AppData\\Roaming\\Python\\Python37\\site-packages\\selenium\\webdriver\\remote\\webdriver.py\", line 978, in find_element\n    'value': value})['value']\n  File \"C:\\Users\\Digital Suppliers\\AppData\\Roaming\\Python\\Python37\\site-packages\\selenium\\webdriver\\remote\\webdriver.py\", line 321, in execute\n    self.error_handler.check_response(response)\n  File \"C:\\Users\\Digital Suppliers\\AppData\\Roaming\\Python\\Python37\\site-packages\\selenium\\webdriver\\remote\\errorhandler.py\", line 242, in check_response\n    raise exception_class(message, screen, stacktrace)\n"}, "parameters": [{"name": "driver", "value": "<selenium.webdriver.chrome.webdriver.WebDriver (session=\"034113b37d859477f3cbc881742e4e00\")>"}, {"name": "address", "value": "'450 North 18th Street, Philadelphia, PA, USA'"}], "start": 1674127330023, "stop": 1674127335122}], "attachments": [{"name": "exception_screen", "source": "c4354770-ac19-4f29-953e-fd0687855ef3-attachment.png", "type": "image/png"}], "start": 1674127270780, "stop": 1674127337707, "uuid": "4df96cb1-ac4a-4091-b676-5a0cdad50e69", "historyId": "a8032d671b3ac3cd48e634057e0a3d37", "testCaseId": "3f19a8eed0b66b26730fd3d3e616f031", "fullName": "test_profile_elements.TestNewStarPizzaProfile#test_03_add_new_delivery_address_at_checkout", "labels": [{"name": "suite", "value": "test_profile_elements"}, {"name": "subSuite", "value": "TestNewStarPizzaProfile"}, {"name": "host", "value": "DESKTOP-JHQBC5Q"}, {"name": "thread", "value": "26996-MainThread"}, {"name": "framework", "value": "pytest"}, {"name": "language", "value": "cpython3"}, {"name": "package", "value": "test_profile_elements"}]}